*** Life<Cell> 20x11 ***

Generation = 0, Population = 15.
-----------
-------0---
-----------
-----------
-----------
-----------
--------0--
--------0--
-----------
-----------
---0-------
0----------
--00-0-----
-----------
--0-------0
----0---0--
-----------
-----------
-----0-----
------0-0--

Generation = 14, Population = 94.
---1**-0*--
10-00--.--*
****1-*-.-*
--***--*.*-
-1.-*.111**
-0-1*.1...*
**0*0*..*.*
.-*-.*.-.*.
.......-...
*-11-.1*.*.
*.....****-
..**10*.*-*
*1.-..-...-
..1-1....1-
*.*...--..-
0-.-*.00-*.
*..*---0.*.
-.1*.1-0.*-
.*....*0***
.-*--000.-.

Generation = 28, Population = 67.
*.**..-....
*.1*...**..
..*..**..*.
.0...*..**.
-.*1...**.*
..**....***
..-.****...
.-*.*.....*
.*.**.*-..*
......*..*.
..........-
.**......-.
.**.**.....
....*......
..*.*..**.*
*..**..*.*.
.**..-*-**.
.....-*.**-
.......**..
.-.-.......

Generation = 42, Population = 38.
***...-....
*..**......
*......*...
....*..*...
.......*...
..*...*....
..-..*.....
......*....
.....*.....
....*..*.**
.....**.*..
......*.***
.........**
...........
...........
...........
........***
........***
...**....*.
.-.-.......

*** Life<Cell> 5x15 ***

Generation = 0, Population = 16.
-----00-00-0---
-0------0------
--------0---0--
----0--0-------
--00-0-0--0----

Generation = 16, Population = 24.
.-.**..-....***
0...***.-..*...
0*-.***-......-
..**-*...-.....
......*-***0..*

Generation = 32, Population = 4.
...............
...............
..............-
..**...........
..**...........

Generation = 48, Population = 4.
...............
...............
..............-
..**...........
..**...........

*** Life<Cell> 13x5 ***

Generation = 0, Population = 20.
0-0--
-----
--0-0
-----
-----
000--
-0---
---0-
--0-0
0-000
--0-0
----0
0---0

Generation = 18, Population = 15.
.....
*1*..
**...
*.*.-
**...
*....
*.-..
*....
*..*.
.....
.....
*..-.
.....

Generation = 36, Population = 0.
.....
.....
.....
....-
.....
.....
..-..
.....
.....
.....
.....
...-.
.....

*** Life<Cell> 16x11 ***

Generation = 0, Population = 8.
---------0-
-----------
-0---------
-----------
-----------
-----------
--0--------
-0--------0
-----------
-----------
----00-----
-----------
-----------
-0---------
-----------
-----------

Generation = 15, Population = 71.
*1-1-0--00-
-*.0*------
...**.--0--
...0.**-*--
11.-*01-1-0
*..10..**--
...0..*...*
0*-*1.*-*-0
.*..-..-..*
*..-*-**...
*.*.*-***.-
1.*.-*00**.
*......--.-
1.1...-.-*.
*......-.00
.-*10*-0-**

Generation = 30, Population = 31.
..*..-.....
-*.........
......*-...
......**.**
-.*..*....*
...*****..*
...***....*
.......*.**
......*..*.
.......**.*
.....-...*.
-...-..-.*.
..........-
-.-.....-..
.......-..-
.-.-0......

*** Life<Cell> 5x16 ***

Generation = 0, Population = 1.
0---------------
----------------
----------------
----------------
----------------

Generation = 25, Population = 18.
-----0-0-0-0----
0-------0-0---0-
-0---0---0---0-0
----------------
-0---0---0---0-0

