*** Life<FredkinCell> 13x12 ***

Generation = 0, Population = 4.
------------
------------
------------
----------0-
------------
------------
------------
------------
-0-0--------
------------
------------
---0--------
------------

Generation = 9, Population = 50.
0---0-------
-0-0--------
--00--0---0-
-01200-0-0-0
--01--0---0-
------------
---2--------
--0201---0-0
--02--0-0---
-0---0---0-0
0--40-----00
-2040----021
---1------00

Generation = 18, Population = 33.
-0-1--------
0--40-------
-4-9-0------
31---20-----
------------
0--40-----0-
-1-5---0----
--------1---
-1---6-2-1--
-----1-----1
-----2-2----
---4---125-8
------------

Generation = 27, Population = 81.
0-0-000-0---
-0-52-13-0--
--0+-5-40-0-
--6-66334--0
---40-030-00
-0---1-1-013
0-08--00010-
-216075-----
02-5---2-30+
2201-1-4----
-9-----50105
-----453---+
0---0--402-3

Generation = 36, Population = 30.
-0-3--------
------------
------------
6--56---7-3-
---7-5---4--
------------
------------
-5-82-84235-
-5-7---5----
------------
-+-7--------
-------6-89+
---4-6---3--

Generation = 45, Population = 64.
0-0-0-------
-------3---1
0-0---06-60-
-5-9-76--53-
-------6080-
-2-----3----
050908---80-
2+-+-++-4-7+
-80+-9--090-
-5-1---4-3--
---906------
-847--5----+
0-040+----0-

*** Life<FredkinCell> 3x19 ***

Generation = 0, Population = 12.
-----------0-0--0--
--0-----0---0--00-0
--0-----00---------

Generation = 8, Population = 19.
---1-0--2-----2--3-
6------11---3-112-4
40--3-----4-----32-

Generation = 16, Population = 19.
71-1--2--2-2-------
+---8--2--6-4-2---4
-----32-----952---3

Generation = 24, Population = 26.
74---15-62-2--7--6-
----9---5-6----23--
86--856---7-985-475

Generation = 32, Population = 19.
---3-2--7-----7--8-
+------39---+-934-+
+7--9-----+-----59-

Generation = 40, Population = 19.
+6-3--9--4-4-------
+---+--4--+-+-+---+
-----9+-----++8---+

*** Life<FredkinCell> 1x6 ***

Generation = 0, Population = 6.
000000

Generation = 1, Population = 2.
1----1

Generation = 2, Population = 2.
-0--0-

Generation = 3, Population = 4.
1-00-1

Generation = 4, Population = 2.
--11--

Generation = 5, Population = 4.
-0220-

Generation = 6, Population = 4.
11--11

Generation = 7, Population = 6.
222222

Generation = 8, Population = 2.
3----3

Generation = 9, Population = 2.
-2--2-

Generation = 10, Population = 4.
3-22-3

Generation = 11, Population = 2.
--33--

Generation = 12, Population = 4.
-2442-

Generation = 13, Population = 4.
33--33

Generation = 14, Population = 6.
444444

Generation = 15, Population = 2.
5----5

Generation = 16, Population = 2.
-4--4-

Generation = 17, Population = 4.
5-44-5

Generation = 18, Population = 2.
--55--

Generation = 19, Population = 4.
-4664-

Generation = 20, Population = 4.
55--55

Generation = 21, Population = 6.
666666

Generation = 22, Population = 2.
7----7

Generation = 23, Population = 2.
-6--6-

Generation = 24, Population = 4.
7-66-7

Generation = 25, Population = 2.
--77--

Generation = 26, Population = 4.
-6886-

Generation = 27, Population = 4.
77--77

*** Life<FredkinCell> 4x10 ***

Generation = 0, Population = 17.
-0------00
00-000--0-
0---000--0
----000---

Generation = 1, Population = 20.
-10000-0-1
---11--010
1---1--0--
0--0-1-0-0

Generation = 2, Population = 23.
02-111-102
00--2-01--
20-02-0---
100-0--1--

Generation = 3, Population = 24.
---2220--3
1101-0---0
31013-10--
-11011--0-

Generation = 4, Population = 23.
02---31104
-212-10111
------21-0
--2122---0

Generation = 5, Population = 19.
1--22-221-
---3----22
-1--30--0-
-13--3-101

Generation = 6, Population = 25.
-20-3-3---
1214210-33
32--4-2--0
1-41-4-212

Generation = 7, Population = 23.
---2434214
--2---1-4-
4-015-3-0-
21522-03--

Generation = 8, Population = 19.
---3--5-25
1234---1--
5212---110
--63---4--

Generation = 9, Population = 25.
12-443-236
-3452--24-
-3-35-32-1
2---2-05-2

Generation = 10, Population = 18.
2-0-54--47
-4--3--3-3
-41-6--312
----3----3

Generation = 11, Population = 21.
-2---55-5-
-545--14--
5-2--03--3
-16344-5-4

Generation = 12, Population = 22.
23-456-2-7
--563125-3
---3---314
-27---0--5

Generation = 13, Population = 24.
340-6-53-8
1-6-42-64-
-424-03--5
238--4---6

Generation = 14, Population = 20.
----766-5-
2--6----53
5--5614--6
34--45--17

Generation = 15, Population = 20.
3---8-7-6-
35674--6--
--2-72531-
-58----52-

Generation = 16, Population = 20.
4-0-9--3-8
--7-5-275-
54-5-----6
36-345---7

Generation = 17, Population = 23.
--1-+6-46-
--876-3863
--267253-7
-----60-28

Generation = 18, Population = 18.
-424-77---
-5987---7-
-4-783----
--83---53-

Generation = 19, Population = 27.
4-3-+8846-
36+--238-3
55-89453--
--9--60648

Generation = 20, Population = 20.
544-+9957-
47--73-97-
---9---4--
3-----17-9

Generation = 21, Population = 16.
-55--+-6-8
------3+-3
-52--4---7
-6-3-62---

Generation = 22, Population = 24.
5664+-97-9
-----34---
5-3-955418
379---37-9

Generation = 23, Population = 20.
6---++-8--
-7-87-5+7-
654-+6-5--
---34---4+

Generation = 24, Population = 25.
-----+99--
48+98-6-83
765-+75618
37-4----5+

Generation = 25, Population = 16.
6664-+++-9
-9+-------
8-----6--9
--9--63---

Generation = 26, Population = 19.
7775-+-+--
4----3-+--
------761-
37-447-7-+

Generation = 27, Population = 23.
---6-+-+7-
5-+9846---
-6-9+78-2-
48-5-8385-

Generation = 28, Population = 25.
7--7++++89
-9+-9-----
875++-9639
5--64-4--+

Generation = 29, Population = 11.
---8+----+
5---------
-86++-----
6-----5--+

Generation = 30, Population = 20.
7-79++--8-
--+------3
89--+79--9
--9648-85-

Generation = 31, Population = 18.
-----+++--
--+---6--4
9+6--8+--+
6-+-5-596-

*** Life<FredkinCell> 11x1 ***

Generation = 0, Population = 7.
-
0
0
0
-
-
-
0
0
0
0

Generation = 14, Population = 6.
+
+
-
+
-
-
-
+
0
8
-

Generation = 28, Population = 8.
+
+
-
+
9
-
-
+
0
+
+

Generation = 42, Population = 6.
-
+
0
+
-
-
-
+
-
+
+

